1608622352904	geckodriver	INFO	Listening on 127.0.0.1:1810
1608622355955	mozrunner::runner	INFO	Running command: "C:\\Program Files\\Mozilla Firefox\\firefox.exe" "--marionette" "-foreground" "-no-remote" "-profile" "C:\\Users\\Roberto\\AppData\\Local\\Temp\\rust_mozprofile2EKmqu"
Can't find symbol 'eglSwapBuffersWithDamageEXT'.
Can't find symbol 'eglSetDamageRegionKHR'.
console.warn: SearchSettings: "get: No settings file exists, new profile?" (new Error("", "(unknown module)"))
1608622358825	Marionette	INFO	Listening on port 1818
1608622359090	Marionette	WARN	TLS certificate errors will be ignored for this session
1608622361151	Marionette	WARN	Ignoring event 'DOMContentLoaded' because document has an invalid readyState of 'complete'.
1608622391161	Marionette	INFO	Stopped listening on port 1818

###!!! [Child][RunMessage] Error: Channel closing: too late to send/recv, messages will be lost

1608622394022	geckodriver	INFO	Listening on 127.0.0.1:1909
1608622397055	mozrunner::runner	INFO	Running command: "C:\\Program Files\\Mozilla Firefox\\firefox.exe" "--marionette" "-foreground" "-no-remote" "-profile" "C:\\Users\\Roberto\\AppData\\Local\\Temp\\rust_mozprofile9quNF4"
Can't find symbol 'eglSwapBuffersWithDamageEXT'.
Can't find symbol 'eglSetDamageRegionKHR'.
console.warn: SearchSettings: "get: No settings file exists, new profile?" (new Error("", "(unknown module)"))
1608622399583	Marionette	INFO	Listening on port 1917
1608622399686	Marionette	WARN	TLS certificate errors will be ignored for this session
1608622401657	Marionette	WARN	Ignoring event 'DOMContentLoaded' because document has an invalid readyState of 'complete'.
1608622413763	Marionette	INFO	Stopped listening on port 1917

###!!! [Child][RunMessage] Error: Channel closing: too late to send/recv, messages will be lost

1608622416055	geckodriver	INFO	Listening on 127.0.0.1:2006
1608622419073	mozrunner::runner	INFO	Running command: "C:\\Program Files\\Mozilla Firefox\\firefox.exe" "--marionette" "-foreground" "-no-remote" "-profile" "C:\\Users\\Roberto\\AppData\\Local\\Temp\\rust_mozprofile3Ugkme"
Can't find symbol 'eglSwapBuffersWithDamageEXT'.
Can't find symbol 'eglSetDamageRegionKHR'.
console.warn: SearchSettings: "get: No settings file exists, new profile?" (new Error("", "(unknown module)"))
1608622421602	Marionette	INFO	Listening on port 2014
1608622421700	Marionette	WARN	TLS certificate errors will be ignored for this session
1608622423684	Marionette	WARN	Ignoring event 'DOMContentLoaded' because document has an invalid readyState of 'complete'.
JavaScript error: , line 0: NotFoundError: No such JSWindowActor 'MarionetteEvents'
console.warn: LoginRecipes: "getRecipes: falling back to a synchronous message for:" "https://www.etuovi.com"
1608622676490	Marionette	INFO	Stopped listening on port 2014

###!!! [Child][RunMessage] Error: Channel closing: too late to send/recv, messages will be lost

1608622680290	geckodriver	INFO	Listening on 127.0.0.1:2188
1608622683337	mozrunner::runner	INFO	Running command: "C:\\Program Files\\Mozilla Firefox\\firefox.exe" "--marionette" "-foreground" "-no-remote" "-profile" "C:\\Users\\Roberto\\AppData\\Local\\Temp\\rust_mozprofileygSVL6"
Can't find symbol 'eglSwapBuffersWithDamageEXT'.
Can't find symbol 'eglSetDamageRegionKHR'.
console.warn: SearchSettings: "get: No settings file exists, new profile?" (new Error("", "(unknown module)"))
1608622685788	Marionette	INFO	Listening on port 2196
1608622685964	Marionette	WARN	TLS certificate errors will be ignored for this session
1608622687907	Marionette	WARN	Ignoring event 'DOMContentLoaded' because document has an invalid readyState of 'complete'.
1608622698795	Marionette	INFO	Stopped listening on port 2196

###!!! [Child][RunMessage] Error: Channel closing: too late to send/recv, messages will be lost

1608622700282	geckodriver	INFO	Listening on 127.0.0.1:2285
1608622703316	mozrunner::runner	INFO	Running command: "C:\\Program Files\\Mozilla Firefox\\firefox.exe" "--marionette" "-foreground" "-no-remote" "-profile" "C:\\Users\\Roberto\\AppData\\Local\\Temp\\rust_mozprofilevqAEKq"
Can't find symbol 'eglSwapBuffersWithDamageEXT'.
Can't find symbol 'eglSetDamageRegionKHR'.
console.warn: SearchSettings: "get: No settings file exists, new profile?" (new Error("", "(unknown module)"))
1608622705658	Marionette	INFO	Listening on port 2293
JavaScript error: resource://activity-stream/lib/ASRouter.jsm, line 987: NS_ERROR_ILLEGAL_VALUE: Component returned failure code: 0x80070057 (NS_ERROR_ILLEGAL_VALUE) [nsIObserverService.removeObserver]
1608622705949	Marionette	WARN	TLS certificate errors will be ignored for this session
1608622706185	Marionette	INFO	Stopped listening on port 2293

###!!! [Child][RunMessage] Error: Channel closing: too late to send/recv, messages will be lost

1608622708852	geckodriver	INFO	Listening on 127.0.0.1:2318
1608622711898	mozrunner::runner	INFO	Running command: "C:\\Program Files\\Mozilla Firefox\\firefox.exe" "--marionette" "-foreground" "-no-remote" "-profile" "C:\\Users\\Roberto\\AppData\\Local\\Temp\\rust_mozprofileE6tGmS"
Can't find symbol 'eglSwapBuffersWithDamageEXT'.
Can't find symbol 'eglSetDamageRegionKHR'.
console.warn: SearchSettings: "get: No settings file exists, new profile?" (new Error("", "(unknown module)"))
1608622714381	Marionette	INFO	Listening on port 2327
1608622714524	Marionette	WARN	TLS certificate errors will be ignored for this session
1608622716402	Marionette	WARN	Ignoring event 'DOMContentLoaded' because document has an invalid readyState of 'complete'.
JavaScript error: , line 0: NotFoundError: No such JSWindowActor 'MarionetteEvents'
JavaScript error: , line 0: NotFoundError: No such JSWindowActor 'MarionetteEvents'
console.warn: LoginRecipes: "getRecipes: falling back to a synchronous message for:" "https://www.etuovi.com"
1608622748447	Marionette	INFO	Stopped listening on port 2327

###!!! [Child][RunMessage] Error: Channel closing: too late to send/recv, messages will be lost

1608622750892	geckodriver	INFO	Listening on 127.0.0.1:2452
1608622753929	mozrunner::runner	INFO	Running command: "C:\\Program Files\\Mozilla Firefox\\firefox.exe" "--marionette" "-foreground" "-no-remote" "-profile" "C:\\Users\\Roberto\\AppData\\Local\\Temp\\rust_mozprofileM4oJBh"
Can't find symbol 'eglSwapBuffersWithDamageEXT'.
Can't find symbol 'eglSetDamageRegionKHR'.
console.warn: SearchSettings: "get: No settings file exists, new profile?" (new Error("", "(unknown module)"))
1608622756209	Marionette	INFO	Listening on port 2460
1608622756559	Marionette	WARN	TLS certificate errors will be ignored for this session
1608622758341	Marionette	WARN	Ignoring event 'DOMContentLoaded' because document has an invalid readyState of 'complete'.

###!!! [Parent][RunMessage] Error: Channel closing: too late to send/recv, messages will be lost

1608622960171	Marionette	INFO	Stopped listening on port 2460

###!!! [Child][RunMessage] Error: Channel closing: too late to send/recv, messages will be lost

1608622966239	geckodriver	INFO	Listening on 127.0.0.1:2735
1608622969277	mozrunner::runner	INFO	Running command: "C:\\Program Files\\Mozilla Firefox\\firefox.exe" "--marionette" "-foreground" "-no-remote" "-profile" "C:\\Users\\Roberto\\AppData\\Local\\Temp\\rust_mozprofileGLdoHM"
Can't find symbol 'eglSwapBuffersWithDamageEXT'.
Can't find symbol 'eglSetDamageRegionKHR'.
console.warn: SearchSettings: "get: No settings file exists, new profile?" (new Error("", "(unknown module)"))
1608622971882	Marionette	INFO	Listening on port 2745
1608622971908	Marionette	WARN	TLS certificate errors will be ignored for this session
1608622973859	Marionette	WARN	Ignoring event 'DOMContentLoaded' because document has an invalid readyState of 'complete'.
console.warn: LoginRecipes: "getRecipes: falling back to a synchronous message for:" "https://tunnus.almamedia.fi"
1608623010803	Marionette	INFO	Stopped listening on port 2745

###!!! [Child][RunMessage] Error: Channel closing: too late to send/recv, messages will be lost

1608623015803	geckodriver	INFO	Listening on 127.0.0.1:2832
1608623018843	mozrunner::runner	INFO	Running command: "C:\\Program Files\\Mozilla Firefox\\firefox.exe" "--marionette" "-foreground" "-no-remote" "-profile" "C:\\Users\\Roberto\\AppData\\Local\\Temp\\rust_mozprofilexXYVHK"
Can't find symbol 'eglSwapBuffersWithDamageEXT'.
Can't find symbol 'eglSetDamageRegionKHR'.
console.warn: SearchSettings: "get: No settings file exists, new profile?" (new Error("", "(unknown module)"))
1608623021278	Marionette	INFO	Listening on port 2840
1608623021472	Marionette	WARN	TLS certificate errors will be ignored for this session
1608623023304	Marionette	WARN	Ignoring event 'DOMContentLoaded' because document has an invalid readyState of 'complete'.
[Child 5376, Chrome_ChildThread] WARNING: pipe error: 232: file /builds/worker/checkouts/gecko/ipc/chromium/src/chrome/common/ipc_channel_win.cc:545
1608623035277	Marionette	INFO	Stopped listening on port 2840

###!!! [Child][RunMessage] Error: Channel closing: too late to send/recv, messages will be lost

1608623060000	geckodriver	INFO	Listening on 127.0.0.1:2946
1608623063048	mozrunner::runner	INFO	Running command: "C:\\Program Files\\Mozilla Firefox\\firefox.exe" "--marionette" "-foreground" "-no-remote" "-profile" "C:\\Users\\Roberto\\AppData\\Local\\Temp\\rust_mozprofileVknrGT"
Can't find symbol 'eglSwapBuffersWithDamageEXT'.
Can't find symbol 'eglSetDamageRegionKHR'.
console.warn: SearchSettings: "get: No settings file exists, new profile?" (new Error("", "(unknown module)"))
1608623065546	Marionette	INFO	Listening on port 2954
1608623065674	Marionette	WARN	TLS certificate errors will be ignored for this session
1608623067371	Marionette	WARN	Ignoring event 'DOMContentLoaded' because document has an invalid readyState of 'complete'.
1608623706648	Marionette	INFO	Stopped listening on port 2954

###!!! [Child][RunMessage] Error: Channel closing: too late to send/recv, messages will be lost

1608623776976	geckodriver	INFO	Listening on 127.0.0.1:3189
1608623780026	mozrunner::runner	INFO	Running command: "C:\\Program Files\\Mozilla Firefox\\firefox.exe" "--marionette" "-foreground" "-no-remote" "-profile" "C:\\Users\\Roberto\\AppData\\Local\\Temp\\rust_mozprofiledQDowo"
Can't find symbol 'eglSwapBuffersWithDamageEXT'.
Can't find symbol 'eglSetDamageRegionKHR'.
console.warn: SearchSettings: "get: No settings file exists, new profile?" (new Error("", "(unknown module)"))
1608623782532	Marionette	INFO	Listening on port 3197
1608623782653	Marionette	WARN	TLS certificate errors will be ignored for this session
1608623784449	Marionette	WARN	Ignoring event 'DOMContentLoaded' because document has an invalid readyState of 'complete'.
1608623819515	Marionette	INFO	Stopped listening on port 3197

###!!! [Child][RunMessage] Error: Channel closing: too late to send/recv, messages will be lost

1608624041454	geckodriver	INFO	Listening on 127.0.0.1:3311
1608624044483	mozrunner::runner	INFO	Running command: "C:\\Program Files\\Mozilla Firefox\\firefox.exe" "--marionette" "-foreground" "-no-remote" "-profile" "C:\\Users\\Roberto\\AppData\\Local\\Temp\\rust_mozprofileGv0iTN"
Can't find symbol 'eglSwapBuffersWithDamageEXT'.
Can't find symbol 'eglSetDamageRegionKHR'.
console.warn: SearchSettings: "get: No settings file exists, new profile?" (new Error("", "(unknown module)"))
1608624046820	Marionette	INFO	Listening on port 3327
1608624047114	Marionette	WARN	TLS certificate errors will be ignored for this session
1608624048951	Marionette	WARN	Ignoring event 'DOMContentLoaded' because document has an invalid readyState of 'complete'.
JavaScript error: , line 0: NotFoundError: No such JSWindowActor 'MarionetteEvents'
JavaScript error: , line 0: NotFoundError: No such JSWindowActor 'MarionetteEvents'
JavaScript error: resource://gre/actors/AutoCompleteChild.jsm, line 125: Error: Invalid autocomplete selectedIndex
JavaScript error: resource://gre/actors/AutoCompleteChild.jsm, line 125: Error: Invalid autocomplete selectedIndex
JavaScript error: resource://gre/modules/LoginManagerChild.jsm, line 190: NS_ERROR_XPC_JAVASCRIPT_ERROR_WITH_DETAILS: [JavaScript Error: "Invalid autocomplete selectedIndex" {file: "resource://gre/actors/AutoCompleteChild.jsm" line: 125}]'[JavaScript Error: "Invalid autocomplete selectedIndex" {file: "resource://gre/actors/AutoCompleteChild.jsm" line: 125}]' when calling method: [nsIAutoCompletePopup::selectedIndex]
console.error: "Error while calling actor 'pagestyle's method 'getUsedFontFaces'" ""
console.error: "getUsedFontFaces@resource://devtools/server/actors/page-style.js:382:34\nhandler@resource://devtools/shared/protocol/Actor.js:172:37\nonPacket@resource://devtools/server/devtools-server-connection.js:379:58\nreceiveMessage@resource://devtools/shared/transport/child-transport.js:68:16\n"
console.error: "Could not get the list of font families" (new Error("NS_ERROR_UNEXPECTED from: server0.conn0.child3/pagestyle26 (resource://devtools/server/actors/page-style.js:382:0)", "resource://devtools/shared/protocol/Front.js", 361))
console.error: (new TypeError("container.node.targetFront is null", "resource://devtools/client/inspector/markup/markup.js", 2252))
1608624193577	Marionette	INFO	Stopped listening on port 3327

###!!! [Child][RunMessage] Error: Channel closing: too late to send/recv, messages will be lost

1608624198029	geckodriver	INFO	Listening on 127.0.0.1:3476
1608624201077	mozrunner::runner	INFO	Running command: "C:\\Program Files\\Mozilla Firefox\\firefox.exe" "--marionette" "-foreground" "-no-remote" "-profile" "C:\\Users\\Roberto\\AppData\\Local\\Temp\\rust_mozprofileitIH45"
Can't find symbol 'eglSwapBuffersWithDamageEXT'.
Can't find symbol 'eglSetDamageRegionKHR'.
console.warn: SearchSettings: "get: No settings file exists, new profile?" (new Error("", "(unknown module)"))
1608624203593	Marionette	INFO	Listening on port 3484
1608624203703	Marionette	WARN	TLS certificate errors will be ignored for this session
1608624205542	Marionette	WARN	Ignoring event 'DOMContentLoaded' because document has an invalid readyState of 'complete'.
JavaScript error: resource://gre/actors/AutoCompleteChild.jsm, line 125: Error: Invalid autocomplete selectedIndex
JavaScript error: resource://gre/actors/AutoCompleteChild.jsm, line 125: Error: Invalid autocomplete selectedIndex
JavaScript error: resource://gre/modules/LoginManagerChild.jsm, line 190: NS_ERROR_XPC_JAVASCRIPT_ERROR_WITH_DETAILS: [JavaScript Error: "Invalid autocomplete selectedIndex" {file: "resource://gre/actors/AutoCompleteChild.jsm" line: 125}]'[JavaScript Error: "Invalid autocomplete selectedIndex" {file: "resource://gre/actors/AutoCompleteChild.jsm" line: 125}]' when calling method: [nsIAutoCompletePopup::selectedIndex]
1608624296536	Marionette	INFO	Stopped listening on port 3484

###!!! [Child][RunMessage] Error: Channel closing: too late to send/recv, messages will be lost

1608624298488	geckodriver	INFO	Listening on 127.0.0.1:3595
1608624301537	mozrunner::runner	INFO	Running command: "C:\\Program Files\\Mozilla Firefox\\firefox.exe" "--marionette" "-foreground" "-no-remote" "-profile" "C:\\Users\\Roberto\\AppData\\Local\\Temp\\rust_mozprofilevzCd31"
Can't find symbol 'eglSwapBuffersWithDamageEXT'.
Can't find symbol 'eglSetDamageRegionKHR'.
console.warn: SearchSettings: "get: No settings file exists, new profile?" (new Error("", "(unknown module)"))
1608624304013	Marionette	INFO	Listening on port 3603
1608624304163	Marionette	WARN	TLS certificate errors will be ignored for this session
1608624306106	Marionette	WARN	Ignoring event 'DOMContentLoaded' because document has an invalid readyState of 'complete'.
JavaScript error: resource://gre/actors/AutoCompleteChild.jsm, line 125: Error: Invalid autocomplete selectedIndex
JavaScript error: resource://gre/actors/AutoCompleteChild.jsm, line 125: Error: Invalid autocomplete selectedIndex
JavaScript error: resource://gre/modules/LoginManagerChild.jsm, line 190: NS_ERROR_XPC_JAVASCRIPT_ERROR_WITH_DETAILS: [JavaScript Error: "Invalid autocomplete selectedIndex" {file: "resource://gre/actors/AutoCompleteChild.jsm" line: 125}]'[JavaScript Error: "Invalid autocomplete selectedIndex" {file: "resource://gre/actors/AutoCompleteChild.jsm" line: 125}]' when calling method: [nsIAutoCompletePopup::selectedIndex]
1608624322741	Marionette	INFO	Stopped listening on port 3603

###!!! [Child][RunMessage] Error: Channel closing: too late to send/recv, messages will be lost

1608624490246	geckodriver	INFO	Listening on 127.0.0.1:3758
1608624493296	mozrunner::runner	INFO	Running command: "C:\\Program Files\\Mozilla Firefox\\firefox.exe" "--marionette" "-foreground" "-no-remote" "-profile" "C:\\Users\\Roberto\\AppData\\Local\\Temp\\rust_mozprofilez49WxB"
Can't find symbol 'eglSwapBuffersWithDamageEXT'.
Can't find symbol 'eglSetDamageRegionKHR'.
console.warn: SearchSettings: "get: No settings file exists, new profile?" (new Error("", "(unknown module)"))
1608624495800	Marionette	INFO	Listening on port 3766
1608624495921	Marionette	WARN	TLS certificate errors will be ignored for this session
1608624497759	Marionette	WARN	Ignoring event 'DOMContentLoaded' because document has an invalid readyState of 'complete'.
JavaScript error: , line 0: NotFoundError: No such JSWindowActor 'MarionetteEvents'
1608625019156	Marionette	INFO	Stopped listening on port 3766

###!!! [Child][RunMessage] Error: Channel closing: too late to send/recv, messages will be lost

1608635980594	geckodriver	INFO	Listening on 127.0.0.1:5382
1608635983612	mozrunner::runner	INFO	Running command: "C:\\Program Files\\Mozilla Firefox\\firefox.exe" "--marionette" "-foreground" "-no-remote" "-profile" "C:\\Users\\Roberto\\AppData\\Local\\Temp\\rust_mozprofilefVyJkO"
Can't find symbol 'eglSwapBuffersWithDamageEXT'.
Can't find symbol 'eglSetDamageRegionKHR'.
console.warn: SearchSettings: "get: No settings file exists, new profile?" (new Error("", "(unknown module)"))
1608635986755	Marionette	INFO	Listening on port 5390
1608635987240	Marionette	WARN	TLS certificate errors will be ignored for this session
1608635989206	Marionette	WARN	Ignoring event 'DOMContentLoaded' because document has an invalid readyState of 'complete'.
1608636028050	Marionette	INFO	Stopped listening on port 5390

###!!! [Child][RunMessage] Error: Channel closing: too late to send/recv, messages will be lost

1608636368756	geckodriver	INFO	Listening on 127.0.0.1:5528
1608636371806	mozrunner::runner	INFO	Running command: "C:\\Program Files\\Mozilla Firefox\\firefox.exe" "--marionette" "-foreground" "-no-remote" "-profile" "C:\\Users\\Roberto\\AppData\\Local\\Temp\\rust_mozprofileid2uLM"
Can't find symbol 'eglSwapBuffersWithDamageEXT'.
Can't find symbol 'eglSetDamageRegionKHR'.
console.warn: SearchSettings: "get: No settings file exists, new profile?" (new Error("", "(unknown module)"))
1608636374260	Marionette	INFO	Listening on port 5536
1608636374435	Marionette	WARN	TLS certificate errors will be ignored for this session
1608636376339	Marionette	WARN	Ignoring event 'DOMContentLoaded' because document has an invalid readyState of 'complete'.
JavaScript error: , line 0: NotFoundError: No such JSWindowActor 'MarionetteEvents'
1608636527873	Marionette	INFO	Stopped listening on port 5536

###!!! [Child][RunMessage] Error: Channel closing: too late to send/recv, messages will be lost

1608636543393	geckodriver	INFO	Listening on 127.0.0.1:5632
1608636546440	mozrunner::runner	INFO	Running command: "C:\\Program Files\\Mozilla Firefox\\firefox.exe" "--marionette" "-foreground" "-no-remote" "-profile" "C:\\Users\\Roberto\\AppData\\Local\\Temp\\rust_mozprofileSvxM2D"
Can't find symbol 'eglSwapBuffersWithDamageEXT'.
Can't find symbol 'eglSetDamageRegionKHR'.
console.warn: SearchSettings: "get: No settings file exists, new profile?" (new Error("", "(unknown module)"))
1608636548971	Marionette	INFO	Listening on port 5642
1608636549068	Marionette	WARN	TLS certificate errors will be ignored for this session
1608636551151	Marionette	WARN	Ignoring event 'DOMContentLoaded' because document has an invalid readyState of 'complete'.
1608636562643	Marionette	INFO	Stopped listening on port 5642
1608637383952	geckodriver	INFO	Listening on 127.0.0.1:5820
1608637386991	mozrunner::runner	INFO	Running command: "C:\\Program Files\\Mozilla Firefox\\firefox.exe" "--marionette" "-foreground" "-no-remote" "-profile" "C:\\Users\\Roberto\\AppData\\Local\\Temp\\rust_mozprofileM7wKnW"
Can't find symbol 'eglSwapBuffersWithDamageEXT'.
Can't find symbol 'eglSetDamageRegionKHR'.
console.warn: SearchSettings: "get: No settings file exists, new profile?" (new Error("", "(unknown module)"))
1608637389581	Marionette	INFO	Listening on port 5828
1608637389621	Marionette	WARN	TLS certificate errors will be ignored for this session
1608637391644	Marionette	WARN	Ignoring event 'DOMContentLoaded' because document has an invalid readyState of 'complete'.
JavaScript error: , line 0: NotFoundError: No such JSWindowActor 'MarionetteEvents'
1608637415168	Marionette	INFO	Stopped listening on port 5828

###!!! [Child][RunMessage] Error: Channel closing: too late to send/recv, messages will be lost

1608637417112	geckodriver	INFO	Listening on 127.0.0.1:5943
1608637420161	mozrunner::runner	INFO	Running command: "C:\\Program Files\\Mozilla Firefox\\firefox.exe" "--marionette" "-foreground" "-no-remote" "-profile" "C:\\Users\\Roberto\\AppData\\Local\\Temp\\rust_mozprofilePH7yAj"
Can't find symbol 'eglSwapBuffersWithDamageEXT'.
Can't find symbol 'eglSetDamageRegionKHR'.
console.warn: SearchSettings: "get: No settings file exists, new profile?" (new Error("", "(unknown module)"))
1608637422599	Marionette	INFO	Listening on port 5951
1608637422790	Marionette	WARN	TLS certificate errors will be ignored for this session
1608637424897	Marionette	WARN	Ignoring event 'DOMContentLoaded' because document has an invalid readyState of 'complete'.
JavaScript error: , line 0: NotFoundError: No such JSWindowActor 'MarionetteEvents'
1608637454755	Marionette	INFO	Stopped listening on port 5951

###!!! [Child][RunMessage] Error: Channel closing: too late to send/recv, messages will be lost

1608637468563	geckodriver	INFO	Listening on 127.0.0.1:6067
1608637471611	mozrunner::runner	INFO	Running command: "C:\\Program Files\\Mozilla Firefox\\firefox.exe" "--marionette" "-foreground" "-no-remote" "-profile" "C:\\Users\\Roberto\\AppData\\Local\\Temp\\rust_mozprofile2lMM0z"
Can't find symbol 'eglSwapBuffersWithDamageEXT'.
Can't find symbol 'eglSetDamageRegionKHR'.
console.warn: SearchSettings: "get: No settings file exists, new profile?" (new Error("", "(unknown module)"))
1608637474096	Marionette	INFO	Listening on port 6075
1608637474239	Marionette	WARN	TLS certificate errors will be ignored for this session
1608637476150	Marionette	WARN	Ignoring event 'DOMContentLoaded' because document has an invalid readyState of 'complete'.
JavaScript error: resource://gre/actors/AutoCompleteChild.jsm, line 125: Error: Invalid autocomplete selectedIndex
JavaScript error: resource://gre/actors/AutoCompleteChild.jsm, line 125: Error: Invalid autocomplete selectedIndex
JavaScript error: resource://gre/modules/LoginManagerChild.jsm, line 190: NS_ERROR_XPC_JAVASCRIPT_ERROR_WITH_DETAILS: [JavaScript Error: "Invalid autocomplete selectedIndex" {file: "resource://gre/actors/AutoCompleteChild.jsm" line: 125}]'[JavaScript Error: "Invalid autocomplete selectedIndex" {file: "resource://gre/actors/AutoCompleteChild.jsm" line: 125}]' when calling method: [nsIAutoCompletePopup::selectedIndex]
console.error: "Exception while calling a ResourceWatcher" "available" "callback" ":" (new TypeError("resource.targetFront is null", "resource://devtools/client/inspector/inspector.js", 1319))
JavaScript error: resource://devtools/client/inspector/shared/highlighters-overlay.js, line 1629: TypeError: resource.targetFront is null
JavaScript error: resource://devtools/client/inspector/markup/markup.js, line 1383: TypeError: resource.targetFront is null
console.error: "Error while calling actor 'layout's method 'getGrids'" "node is null"
console.error: "getGrids@resource://devtools/server/actors/layout.js:502:26\ngetGrids@resource://devtools/server/actors/layout.js:507:43\nhandler@resource://devtools/shared/protocol/Actor.js:172:37\nonPacket@resource://devtools/server/devtools-server-connection.js:379:58\nreceiveMessage@resource://devtools/shared/transport/child-transport.js:68:16\n"
JavaScript error: resource://devtools/client/inspector/markup/views/element-editor.js, line 508: TypeError: this.node.walkerFront is null
JavaScript error: resource://devtools/client/inspector/markup/views/element-editor.js, line 508: TypeError: this.node.walkerFront is null
console.error: (new TypeError("parent is null", "resource://devtools/client/inspector/shared/style-change-tracker.js", 67))
TypeError: parent is null: canMutationImpactCurrentStyles@resource://devtools/client/inspector/shared/style-change-tracker.js:67:24
onMutations@resource://devtools/client/inspector/shared/style-change-tracker.js:84:41
_emit@resource://devtools/shared/event-emitter.js:226:34
emit@resource://devtools/shared/event-emitter.js:172:18
emit@resource://devtools/shared/event-emitter.js:324:18
getMutations@resource://devtools/client/fronts/walker.js:405:10

console.error: "Error while calling actor 'pagestyle's method 'getLayout'" "node is null"
console.error: "getLayout@resource://devtools/server/actors/page-style.js:1005:5\nhandler@resource://devtools/shared/protocol/Actor.js:172:37\nonPacket@resource://devtools/server/devtools-server-connection.js:379:58\nreceiveMessage@resource://devtools/shared/transport/child-transport.js:68:16\n"
console.error: (new TypeError("container.node.targetFront is null", "resource://devtools/client/inspector/markup/markup.js", 2252))
console.error: (new Error("Protocol error (TypeError): node is null from: server0.conn1.child3/pagestyle26 (resource://devtools/server/actors/page-style.js:1005:5)", "resource://devtools/shared/protocol/Front.js", 361))

###!!! [Child][RunMessage] Error: Channel closing: too late to send/recv, messages will be lost

1608638150654	Marionette	INFO	Stopped listening on port 6075
1608638152157	geckodriver	INFO	Listening on 127.0.0.1:6350
1608638155196	mozrunner::runner	INFO	Running command: "C:\\Program Files\\Mozilla Firefox\\firefox.exe" "--marionette" "-foreground" "-no-remote" "-profile" "C:\\Users\\Roberto\\AppData\\Local\\Temp\\rust_mozprofile64ynCk"
Can't find symbol 'eglSwapBuffersWithDamageEXT'.
Can't find symbol 'eglSetDamageRegionKHR'.
console.warn: SearchSettings: "get: No settings file exists, new profile?" (new Error("", "(unknown module)"))
1608638157843	Marionette	INFO	Listening on port 6358
1608638158325	Marionette	WARN	TLS certificate errors will be ignored for this session
1608638160072	Marionette	WARN	Ignoring event 'DOMContentLoaded' because document has an invalid readyState of 'complete'.
JavaScript error: , line 0: NotFoundError: No such JSWindowActor 'MarionetteEvents'
JavaScript error: , line 0: NotFoundError: No such JSWindowActor 'MarionetteEvents'
JavaScript error: resource://gre/actors/AutoCompleteChild.jsm, line 125: Error: Invalid autocomplete selectedIndex
JavaScript error: resource://gre/actors/AutoCompleteChild.jsm, line 125: Error: Invalid autocomplete selectedIndex
JavaScript error: resource://gre/modules/LoginManagerChild.jsm, line 190: NS_ERROR_XPC_JAVASCRIPT_ERROR_WITH_DETAILS: [JavaScript Error: "Invalid autocomplete selectedIndex" {file: "resource://gre/actors/AutoCompleteChild.jsm" line: 125}]'[JavaScript Error: "Invalid autocomplete selectedIndex" {file: "resource://gre/actors/AutoCompleteChild.jsm" line: 125}]' when calling method: [nsIAutoCompletePopup::selectedIndex]
1608638168215	Marionette	WARN	Ignoring event 'DOMContentLoaded' because document has an invalid readyState of 'complete'.
1608638292008	Marionette	INFO	Stopped listening on port 6358

###!!! [Child][RunMessage] Error: Channel closing: too late to send/recv, messages will be lost

1608638293877	geckodriver	INFO	Listening on 127.0.0.1:6488
1608638296907	mozrunner::runner	INFO	Running command: "C:\\Program Files\\Mozilla Firefox\\firefox.exe" "--marionette" "-foreground" "-no-remote" "-profile" "C:\\Users\\Roberto\\AppData\\Local\\Temp\\rust_mozprofileiwC6gv"
Can't find symbol 'eglSwapBuffersWithDamageEXT'.
Can't find symbol 'eglSetDamageRegionKHR'.
console.warn: SearchSettings: "get: No settings file exists, new profile?" (new Error("", "(unknown module)"))
1608638299376	Marionette	INFO	Listening on port 6497
1608638299533	Marionette	WARN	TLS certificate errors will be ignored for this session
1608638301404	Marionette	WARN	Ignoring event 'DOMContentLoaded' because document has an invalid readyState of 'complete'.
JavaScript error: , line 0: NotFoundError: No such JSWindowActor 'MarionetteEvents'
JavaScript error: resource://gre/actors/AutoCompleteChild.jsm, line 125: Error: Invalid autocomplete selectedIndex
JavaScript error: resource://gre/actors/AutoCompleteChild.jsm, line 125: Error: Invalid autocomplete selectedIndex
JavaScript error: resource://gre/modules/LoginManagerChild.jsm, line 190: NS_ERROR_XPC_JAVASCRIPT_ERROR_WITH_DETAILS: [JavaScript Error: "Invalid autocomplete selectedIndex" {file: "resource://gre/actors/AutoCompleteChild.jsm" line: 125}]'[JavaScript Error: "Invalid autocomplete selectedIndex" {file: "resource://gre/actors/AutoCompleteChild.jsm" line: 125}]' when calling method: [nsIAutoCompletePopup::selectedIndex]
1608638308973	Marionette	WARN	Ignoring event 'DOMContentLoaded' because document has an invalid readyState of 'complete'.

###!!! [Parent][RunMessage] Error: Channel closing: too late to send/recv, messages will be lost


###!!! [Child][RunMessage] Error: Channel closing: too late to send/recv, messages will be lost

1608638330296	Marionette	INFO	Stopped listening on port 6497

###!!! [Child][RunMessage] Error: Channel closing: too late to send/recv, messages will be lost

1608638331742	geckodriver	INFO	Listening on 127.0.0.1:6639
1608638334792	mozrunner::runner	INFO	Running command: "C:\\Program Files\\Mozilla Firefox\\firefox.exe" "--marionette" "-foreground" "-no-remote" "-profile" "C:\\Users\\Roberto\\AppData\\Local\\Temp\\rust_mozprofileJTPws3"
Can't find symbol 'eglSwapBuffersWithDamageEXT'.
Can't find symbol 'eglSetDamageRegionKHR'.
console.warn: SearchSettings: "get: No settings file exists, new profile?" (new Error("", "(unknown module)"))
1608638337397	Marionette	INFO	Listening on port 6647
1608638337425	Marionette	WARN	TLS certificate errors will be ignored for this session
1608638339341	Marionette	WARN	Ignoring event 'DOMContentLoaded' because document has an invalid readyState of 'complete'.
JavaScript error: resource://gre/actors/AutoCompleteChild.jsm, line 125: Error: Invalid autocomplete selectedIndex
JavaScript error: resource://gre/actors/AutoCompleteChild.jsm, line 125: Error: Invalid autocomplete selectedIndex
JavaScript error: resource://gre/modules/LoginManagerChild.jsm, line 190: NS_ERROR_XPC_JAVASCRIPT_ERROR_WITH_DETAILS: [JavaScript Error: "Invalid autocomplete selectedIndex" {file: "resource://gre/actors/AutoCompleteChild.jsm" line: 125}]'[JavaScript Error: "Invalid autocomplete selectedIndex" {file: "resource://gre/actors/AutoCompleteChild.jsm" line: 125}]' when calling method: [nsIAutoCompletePopup::selectedIndex]
1608638347390	Marionette	WARN	Ignoring event 'DOMContentLoaded' because document has an invalid readyState of 'complete'.

###!!! [Parent][RunMessage] Error: Channel closing: too late to send/recv, messages will be lost

